This is pdfTeX, Version 3.141592653-2.6-1.40.27 (TeX Live 2025) (preloaded format=pdflatex 2025.3.8)  20 FEB 2026 15:21
entering extended mode
 restricted \write18 enabled.
 file:line:error style messages enabled.
 %&-line parsing enabled.
**/Users/xnw17/Documents/GitHub/Conjoint_Survey_25/paper_writing/battery_paper/Manuscript.tex
(/Users/xnw17/Documents/GitHub/Conjoint_Survey_25/paper_writing/battery_paper/Manuscript.tex
LaTeX2e <2024-11-01> patch level 2
L3 programming layer <2025-01-18>
(/usr/local/texlive/2025/texmf-dist/tex/latex/els-cas-templates/cas-sc.cls
Document Class: cas-sc 2024/05/04, 2.4: Formatting class for CAS single column articles
\c@blind=\count196
\@bls=\dimen141
(/usr/local/texlive/2025/texmf-dist/tex/latex/base/article.cls
Document Class: article 2024/06/29 v1.4n Standard LaTeX document class
(/usr/local/texlive/2025/texmf-dist/tex/latex/base/fleqn.clo
File: fleqn.clo 2016/12/29 v1.2b Standard LaTeX option (flush left equations)
\mathindent=\skip49
Applying: [2015/01/01] Make \[ robust on input line 50.
LaTeX Info: Redefining \[ on input line 51.
Already applied: [0000/00/00] Make \[ robust on input line 62.
Applying: [2015/01/01] Make \] robust on input line 74.
LaTeX Info: Redefining \] on input line 75.
Already applied: [0000/00/00] Make \] robust on input line 83.
) (/usr/local/texlive/2025/texmf-dist/tex/latex/base/size10.clo
File: size10.clo 2024/06/29 v1.4n Standard LaTeX file (size option)
)
\c@part=\count197
\c@section=\count198
\c@subsection=\count199
\c@subsubsection=\count266
\c@paragraph=\count267
\c@subparagraph=\count268
\c@figure=\count269
\c@table=\count270
\abovecaptionskip=\skip50
\belowcaptionskip=\skip51
\bibindent=\dimen142
) (/usr/local/texlive/2025/texmf-dist/tex/latex/graphics/graphicx.sty
Package: graphicx 2021/09/16 v1.2d Enhanced LaTeX Graphics (DPC,SPQR)
 (/usr/local/texlive/2025/texmf-dist/tex/latex/graphics/keyval.sty
Package: keyval 2022/05/29 v1.15 key=value parser (DPC)
\KV@toks@=\toks17
) (/usr/local/texlive/2025/texmf-dist/tex/latex/graphics/graphics.sty
Package: graphics 2024/08/06 v1.4g Standard LaTeX Graphics (DPC,SPQR)
 (/usr/local/texlive/2025/texmf-dist/tex/latex/graphics/trig.sty
Package: trig 2023/12/02 v1.11 sin cos tan (DPC)
) (/usr/local/texlive/2025/texmf-dist/tex/latex/graphics-cfg/graphics.cfg
File: graphics.cfg 2016/06/04 v1.11 sample graphics configuration
)
Package graphics Info: Driver file: pdftex.def on input line 106.
 (/usr/local/texlive/2025/texmf-dist/tex/latex/graphics-def/pdftex.def
File: pdftex.def 2024/04/13 v1.2c Graphics/color driver for pdftex
))
\Gin@req@height=\dimen143
\Gin@req@width=\dimen144
) (/usr/local/texlive/2025/texmf-dist/tex/latex/amsmath/amsmath.sty
Package: amsmath 2024/11/05 v2.17t AMS math features
\@mathmargin=\skip52

For additional information on amsmath, use the `?' option.
(/usr/local/texlive/2025/texmf-dist/tex/latex/amsmath/amstext.sty
Package: amstext 2021/08/26 v2.01 AMS text
 (/usr/local/texlive/2025/texmf-dist/tex/latex/amsmath/amsgen.sty
File: amsgen.sty 1999/11/30 v2.0 generic functions
\@emptytoks=\toks18
\ex@=\dimen145
)) (/usr/local/texlive/2025/texmf-dist/tex/latex/amsmath/amsbsy.sty
Package: amsbsy 1999/11/29 v1.2d Bold Symbols
\pmbraise@=\dimen146
) (/usr/local/texlive/2025/texmf-dist/tex/latex/amsmath/amsopn.sty
Package: amsopn 2022/04/08 v2.04 operator names
)
\inf@bad=\count271
LaTeX Info: Redefining \frac on input line 233.
\uproot@=\count272
\leftroot@=\count273
LaTeX Info: Redefining \overline on input line 398.
LaTeX Info: Redefining \colon on input line 409.
\classnum@=\count274
\DOTSCASE@=\count275
LaTeX Info: Redefining \ldots on input line 495.
LaTeX Info: Redefining \dots on input line 498.
LaTeX Info: Redefining \cdots on input line 619.
\Mathstrutbox@=\box52
\strutbox@=\box53
LaTeX Info: Redefining \big on input line 721.
LaTeX Info: Redefining \Big on input line 722.
LaTeX Info: Redefining \bigg on input line 723.
LaTeX Info: Redefining \Bigg on input line 724.
\big@size=\dimen147
LaTeX Font Info:    Redeclaring font encoding OML on input line 742.
LaTeX Font Info:    Redeclaring font encoding OMS on input line 743.
\macc@depth=\count276
LaTeX Info: Redefining \bmod on input line 904.
LaTeX Info: Redefining \pmod on input line 909.
LaTeX Info: Redefining \smash on input line 939.
LaTeX Info: Redefining \relbar on input line 969.
LaTeX Info: Redefining \Relbar on input line 970.
\c@MaxMatrixCols=\count277
\dotsspace@=\muskip17
\c@parentequation=\count278
\dspbrk@lvl=\count279
\tag@help=\toks19
\row@=\count280
\column@=\count281
\maxfields@=\count282
\andhelp@=\toks20
\eqnshift@=\dimen148
\alignsep@=\dimen149
\tagshift@=\dimen150
\tagwidth@=\dimen151
\totwidth@=\dimen152
\lineht@=\dimen153
\@envbody=\toks21
\multlinegap=\skip53
\multlinetaggap=\skip54
\mathdisplay@stack=\toks22
LaTeX Info: Redefining \[ on input line 2953.
LaTeX Info: Redefining \] on input line 2954.
) (/usr/local/texlive/2025/texmf-dist/tex/latex/amsfonts/amsfonts.sty
Package: amsfonts 2013/01/14 v3.01 Basic AMSFonts support
\symAMSa=\mathgroup4
\symAMSb=\mathgroup5
LaTeX Font Info:    Redeclaring math symbol \hbar on input line 98.
LaTeX Font Info:    Overwriting math alphabet `\mathfrak' in version `bold'
(Font)                  U/euf/m/n --> U/euf/b/n on input line 106.
) (/usr/local/texlive/2025/texmf-dist/tex/latex/amsfonts/amssymb.sty
Package: amssymb 2013/01/14 v3.01 AMS font symbols
) (/usr/local/texlive/2025/texmf-dist/tex/latex/l3kernel/expl3.sty
Package: expl3 2025-01-18 L3 programming layer (loader) 
 (/usr/local/texlive/2025/texmf-dist/tex/latex/l3backend/l3backend-pdftex.def
File: l3backend-pdftex.def 2024-05-08 L3 backend support: PDF output (pdfTeX)
\l__color_backend_stack_int=\count283
\l__pdf_internal_box=\box54
)) (/usr/local/texlive/2025/texmf-dist/tex/latex/l3packages/xparse/xparse.sty
Package: xparse 2024-08-16 L3 Experimental document command parser
) (/usr/local/texlive/2025/texmf-dist/tex/latex/etoolbox/etoolbox.sty
Package: etoolbox 2025/02/11 v2.5l e-TeX tools for LaTeX (JAW)
\etb@tempcnta=\count284
) (/usr/local/texlive/2025/texmf-dist/tex/latex/booktabs/booktabs.sty
Package: booktabs 2020/01/12 v1.61803398 Publication quality tables
\heavyrulewidth=\dimen154
\lightrulewidth=\dimen155
\cmidrulewidth=\dimen156
\belowrulesep=\dimen157
\belowbottomsep=\dimen158
\aboverulesep=\dimen159
\abovetopsep=\dimen160
\cmidrulesep=\dimen161
\cmidrulekern=\dimen162
\defaultaddspace=\dimen163
\@cmidla=\count285
\@cmidlb=\count286
\@aboverulesep=\dimen164
\@belowrulesep=\dimen165
\@thisruleclass=\count287
\@lastruleclass=\count288
\@thisrulewidth=\dimen166
) (/usr/local/texlive/2025/texmf-dist/tex/latex/makecell/makecell.sty
Package: makecell 2009/08/03 V0.1e Managing of Tab Column Heads and Cells
 (/usr/local/texlive/2025/texmf-dist/tex/latex/tools/array.sty
Package: array 2024/10/17 v2.6g Tabular extension package (FMi)
\col@sep=\dimen167
\ar@mcellbox=\box55
\extrarowheight=\dimen168
\NC@list=\toks23
\extratabsurround=\skip55
\backup@length=\skip56
\ar@cellbox=\box56
)
\rotheadsize=\dimen169
\c@nlinenum=\count289
\TeXr@lab=\toks24
) (/usr/local/texlive/2025/texmf-dist/tex/latex/multirow/multirow.sty
Package: multirow 2024/11/12 v2.9 Span multiple rows of a table
\multirow@colwidth=\skip57
\multirow@cntb=\count290
\multirow@dima=\skip58
\bigstrutjot=\dimen170
) (/usr/local/texlive/2025/texmf-dist/tex/latex/colortbl/colortbl.sty
Package: colortbl 2024/07/06 v1.0i Color table columns (DPC)
 (/usr/local/texlive/2025/texmf-dist/tex/latex/graphics/color.sty
Package: color 2024/06/23 v1.3e Standard LaTeX Color (DPC)
 (/usr/local/texlive/2025/texmf-dist/tex/latex/graphics-cfg/color.cfg
File: color.cfg 2016/01/02 v1.6 sample color configuration
)
Package color Info: Driver file: pdftex.def on input line 149.
 (/usr/local/texlive/2025/texmf-dist/tex/latex/graphics/mathcolor.ltx))
\everycr=\toks25
\minrowclearance=\skip59
\rownum=\count291
) (/usr/local/texlive/2025/texmf-dist/tex/latex/tools/dcolumn.sty
Package: dcolumn 2023/07/08 v1.06 decimal alignment package (DPC)
) (/usr/local/texlive/2025/texmf-dist/tex/latex/sttools/stfloats.sty
Package: stfloats 2017/03/27 v3.3 Improve float mechanism and baselineskip settings
\@dblbotnum=\count292
\c@dblbotnumber=\count293
) (/usr/local/texlive/2025/texmf-dist/tex/latex/tools/xspace.sty
Package: xspace 2014/10/28 v1.13 Space after command names (DPC,MH)
) (/usr/local/texlive/2025/texmf-dist/tex/generic/xstring/xstring.sty (/usr/local/texlive/2025/texmf-dist/tex/generic/xstring/xstring.tex
\xs_counta=\count294
\xs_countb=\count295
)
Package: xstring 2023/08/22 v1.86 String manipulations (CT)
) (/usr/local/texlive/2025/texmf-dist/tex/latex/footmisc/footmisc.sty
Package: footmisc 2024/12/24 v6.0g a miscellany of footnote facilities
\FN@temptoken=\toks26
\footnotemargin=\dimen171
\@outputbox@depth=\dimen172
Package footmisc Info: Declaring symbol style bringhurst on input line 699.
Package footmisc Info: Declaring symbol style chicago on input line 707.
Package footmisc Info: Declaring symbol style wiley on input line 716.
Package footmisc Info: Declaring symbol style lamport-robust on input line 727.
Package footmisc Info: Declaring symbol style lamport* on input line 747.
Package footmisc Info: Declaring symbol style lamport*-robust on input line 768.
) (/usr/local/texlive/2025/texmf-dist/tex/latex/xcolor/xcolor.sty
Package: xcolor 2024/09/29 v3.02 LaTeX color extensions (UK)
 (/usr/local/texlive/2025/texmf-dist/tex/latex/graphics-cfg/color.cfg
File: color.cfg 2016/01/02 v1.6 sample color configuration
)
Package xcolor Info: Driver file: pdftex.def on input line 274.
LaTeX Info: Redefining \color on input line 762.
 (/usr/local/texlive/2025/texmf-dist/tex/latex/graphics/mathcolor.ltx)
Package xcolor Info: Model `cmy' substituted by `cmy0' on input line 1349.
Package xcolor Info: Model `hsb' substituted by `rgb' on input line 1353.
Package xcolor Info: Model `RGB' extended on input line 1365.
Package xcolor Info: Model `HTML' substituted by `rgb' on input line 1367.
Package xcolor Info: Model `Hsb' substituted by `hsb' on input line 1368.
Package xcolor Info: Model `tHsb' substituted by `hsb' on input line 1369.
Package xcolor Info: Model `HSB' substituted by `hsb' on input line 1370.
Package xcolor Info: Model `Gray' substituted by `gray' on input line 1371.
Package xcolor Info: Model `wave' substituted by `hsb' on input line 1372.
) (/usr/local/texlive/2025/texmf-dist/tex/latex/xcolor/svgnam.def
File: svgnam.def 2024/09/29 v3.02 Predefined colors according to SVG 1.1 (UK)
) (/usr/local/texlive/2025/texmf-dist/tex/latex/graphics/dvipsnam.def
File: dvipsnam.def 2016/06/17 v3.0m Driver-dependent file (DPC,SPQR)
) (/usr/local/texlive/2025/texmf-dist/tex/latex/hyperref/hyperref.sty
Package: hyperref 2024-11-05 v7.01l Hypertext links for LaTeX
 (/usr/local/texlive/2025/texmf-dist/tex/generic/iftex/iftex.sty
Package: iftex 2024/12/12 v1.0g TeX engine tests
) (/usr/local/texlive/2025/texmf-dist/tex/latex/kvsetkeys/kvsetkeys.sty
Package: kvsetkeys 2022-10-05 v1.19 Key value parser (HO)
) (/usr/local/texlive/2025/texmf-dist/tex/generic/kvdefinekeys/kvdefinekeys.sty
Package: kvdefinekeys 2019-12-19 v1.6 Define keys (HO)
) (/usr/local/texlive/2025/texmf-dist/tex/generic/pdfescape/pdfescape.sty
Package: pdfescape 2019/12/09 v1.15 Implements pdfTeX's escape features (HO)
 (/usr/local/texlive/2025/texmf-dist/tex/generic/ltxcmds/ltxcmds.sty
Package: ltxcmds 2023-12-04 v1.26 LaTeX kernel commands for general use (HO)
) (/usr/local/texlive/2025/texmf-dist/tex/generic/pdftexcmds/pdftexcmds.sty
Package: pdftexcmds 2020-06-27 v0.33 Utility functions of pdfTeX for LuaTeX (HO)
 (/usr/local/texlive/2025/texmf-dist/tex/generic/infwarerr/infwarerr.sty
Package: infwarerr 2019/12/03 v1.5 Providing info/warning/error messages (HO)
)
Package pdftexcmds Info: \pdf@primitive is available.
Package pdftexcmds Info: \pdf@ifprimitive is available.
Package pdftexcmds Info: \pdfdraftmode found.
)) (/usr/local/texlive/2025/texmf-dist/tex/latex/hycolor/hycolor.sty
Package: hycolor 2020-01-27 v1.10 Color options for hyperref/bookmark (HO)
) (/usr/local/texlive/2025/texmf-dist/tex/latex/hyperref/nameref.sty
Package: nameref 2023-11-26 v2.56 Cross-referencing by name of section
 (/usr/local/texlive/2025/texmf-dist/tex/latex/refcount/refcount.sty
Package: refcount 2019/12/15 v3.6 Data extraction from label references (HO)
) (/usr/local/texlive/2025/texmf-dist/tex/generic/gettitlestring/gettitlestring.sty
Package: gettitlestring 2019/12/15 v1.6 Cleanup title references (HO)
 (/usr/local/texlive/2025/texmf-dist/tex/latex/kvoptions/kvoptions.sty
Package: kvoptions 2022-06-15 v3.15 Key value format for package options (HO)
))
\c@section@level=\count296
) (/usr/local/texlive/2025/texmf-dist/tex/generic/stringenc/stringenc.sty
Package: stringenc 2019/11/29 v1.12 Convert strings between diff. encodings (HO)
)
\@linkdim=\dimen173
\Hy@linkcounter=\count297
\Hy@pagecounter=\count298
 (/usr/local/texlive/2025/texmf-dist/tex/latex/hyperref/pd1enc.def
File: pd1enc.def 2024-11-05 v7.01l Hyperref: PDFDocEncoding definition (HO)
Now handling font encoding PD1 ...
... no UTF-8 mapping file for font encoding PD1
) (/usr/local/texlive/2025/texmf-dist/tex/generic/intcalc/intcalc.sty
Package: intcalc 2019/12/15 v1.3 Expandable calculations with integers (HO)
)
\Hy@SavedSpaceFactor=\count299
 (/usr/local/texlive/2025/texmf-dist/tex/latex/hyperref/puenc.def
File: puenc.def 2024-11-05 v7.01l Hyperref: PDF Unicode definition (HO)
Now handling font encoding PU ...
... no UTF-8 mapping file for font encoding PU
)
Package hyperref Info: Option `colorlinks' set `true' on input line 4040.
Package hyperref Info: Hyper figures OFF on input line 4157.
Package hyperref Info: Link nesting OFF on input line 4162.
Package hyperref Info: Hyper index ON on input line 4165.
Package hyperref Info: Plain pages OFF on input line 4172.
Package hyperref Info: Backreferencing OFF on input line 4177.
Package hyperref Info: Implicit mode ON; LaTeX internals redefined.
Package hyperref Info: Bookmarks ON on input line 4424.
\c@Hy@tempcnt=\count300
 (/usr/local/texlive/2025/texmf-dist/tex/latex/url/url.sty
\Urlmuskip=\muskip18
Package: url 2013/09/16  ver 3.4  Verb mode for urls, etc.
)
LaTeX Info: Redefining \url on input line 4763.
\XeTeXLinkMargin=\dimen174
 (/usr/local/texlive/2025/texmf-dist/tex/generic/bitset/bitset.sty
Package: bitset 2019/12/09 v1.3 Handle bit-vector datatype (HO)
 (/usr/local/texlive/2025/texmf-dist/tex/generic/bigintcalc/bigintcalc.sty
Package: bigintcalc 2019/12/15 v1.5 Expandable calculations on big integers (HO)
))
\Fld@menulength=\count301
\Field@Width=\dimen175
\Fld@charsize=\dimen176
Package hyperref Info: Hyper figures OFF on input line 6042.
Package hyperref Info: Link nesting OFF on input line 6047.
Package hyperref Info: Hyper index ON on input line 6050.
Package hyperref Info: backreferencing OFF on input line 6057.
Package hyperref Info: Link coloring ON on input line 6060.
Package hyperref Info: Link coloring with OCG OFF on input line 6067.
Package hyperref Info: PDF/A mode OFF on input line 6072.
 (/usr/local/texlive/2025/texmf-dist/tex/latex/base/atbegshi-ltx.sty
Package: atbegshi-ltx 2021/01/10 v1.0c Emulation of the original atbegshi
package with kernel methods
)
\Hy@abspage=\count302
\c@Item=\count303
\c@Hfootnote=\count304
)
Package hyperref Info: Driver (autodetected): hpdftex.
 (/usr/local/texlive/2025/texmf-dist/tex/latex/hyperref/hpdftex.def
File: hpdftex.def 2024-11-05 v7.01l Hyperref driver for pdfTeX
 (/usr/local/texlive/2025/texmf-dist/tex/latex/base/atveryend-ltx.sty
Package: atveryend-ltx 2020/08/19 v1.0a Emulation of the original atveryend package
with kernel methods
)
\Fld@listcount=\count305
\c@bookmark@seq@number=\count306
 (/usr/local/texlive/2025/texmf-dist/tex/latex/rerunfilecheck/rerunfilecheck.sty
Package: rerunfilecheck 2022-07-10 v1.10 Rerun checks for auxiliary files (HO)
 (/usr/local/texlive/2025/texmf-dist/tex/generic/uniquecounter/uniquecounter.sty
Package: uniquecounter 2019/12/15 v1.4 Provide unlimited unique counter (HO)
)
Package uniquecounter Info: New unique counter `rerunfilecheck' on input line 285.
)
\Hy@SectionHShift=\skip60
) (/usr/local/texlive/2025/texmf-dist/tex/latex/els-cas-templates/cas-common.sty
\l_stm_title_before_dim=\dimen177
\l_stm_title_after_dim=\dimen178
\g_ead_int=\count307
\g_uad_int=\count308
\@eadauthor=\toks27
\g_stm_tnote_int=\count309
\g_stm_fnote_int=\count310
\g_stm_cor_int=\count311
\g_stm_au_int=\count312
\g_stm_aau_int=\count313
\l_autype_int=\count314
\l_stm_augroup_before_dim=\dimen179
\l_stm_augroup_after_dim=\dimen180
\l_stm_augroup_lskip_tl=\dimen181
\l_stm_augroup_rskip_tl=\dimen182
\g_stm_aff_int=\count315
\g_stm_aff_ext_int=\count316
\g_stm_aff_int_int=\count317
\g_stm_fn_aff_ext_int=\count318
\g_stm_fn_aff_int_int=\count319
\l_stm_aff_before_dim=\dimen183
\l_stm_aff_after_dim=\dimen184
\l_stm_aff_lskip_dim=\dimen185
\l_stm_aff_rskip_dim=\dimen186
\g_stm_augr_int=\count320
\g_stm_aaugr_int=\count321
 (/usr/local/texlive/2025/texmf-dist/tex/latex/moreverb/moreverb.sty
Package: moreverb 2008/06/03 v2.3a `more' verbatim facilities
 (/usr/local/texlive/2025/texmf-dist/tex/latex/tools/verbatim.sty
Package: verbatim 2024-01-22 v1.5x LaTeX2e package for verbatim enhancements
\every@verbatim=\toks28
\verbatim@line=\toks29
\verbatim@in@stream=\read2
)
\tab@position=\count322
\tab@size=\count323
\listing@line=\count324
)
\g_stm_abs_box=\box57
\casgrabsbox=\box58
\casauhlbox=\box59
\g_stm_key_box=\box60
\g_stm_jtype_int=\count325
\g_stm_blind_int=\count326
\c@au=\count327
\c@cnote=\count328
\c@tnote=\count329
\c@fnote=\count330
\c@aff=\count331
\g_stm_notes_box=\box61
\g_stm_front_box=\box62
\paraindent=\dimen187
\subparaindent=\dimen188
\FullWidth=\dimen189
\l_tbl_width_dim=\dimen190
\l_tbl_abovecap_skip=\skip61
\l_tbl_belowcap_skip=\skip62
\l_tbl_abovetbl_skip=\skip63
\l_tbl_belowtbl_skip=\skip64
\l_fig_width_dim=\dimen191
\cascaptionbox=\box63
\l_fig_abovecap_skip=\skip65
\l_fig_belowcap_skip=\skip66
\l_fig_abovefig_skip=\skip67
\l_fig_belowfig_skip=\skip68
 (/usr/local/texlive/2025/texmf-dist/tex/latex/wrapfig/wrapfig.sty
\wrapoverhang=\dimen192
\WF@size=\dimen193
\c@WF@wrappedlines=\count332
\WF@box=\box64
\WF@everypar=\toks30
Package: wrapfig 2003/01/31  v 3.6
)
\l_wrap_figwidth_dim=\dimen194
\l_wrap_fighspace_dim=\dimen195
\l_wrap_figvspace_dim=\dimen196
\l_wrap_fighcorr_dim=\dimen197
\l_wrap_figvcorr_dim=\dimen198
\l_above_bio_dim=\dimen199
\l_wrap_figlcorr_int=\count333
\l_wrap_figlines_int=\count334
\l_bio_text_box=\box65
\c@ca_biography_ctr=\count335
\l_ca_temp_inta=\count336
\leftMargin=\dimen256
\@enLab=\toks31
\@sep=\skip69
\@@sep=\skip70
) (/usr/local/texlive/2025/texmf-dist/tex/latex/base/fontenc.sty
Package: fontenc 2021/04/29 v2.0v Standard LaTeX package
) (/usr/local/texlive/2025/texmf-dist/tex/latex/stix/stix.sty
Package: stix 2018/04/17 v1.1.3-latex STIX fonts support package
 (/usr/local/texlive/2025/texmf-dist/tex/latex/base/textcomp.sty
Package: textcomp 2024/04/24 v2.1b Standard LaTeX package
LaTeX Font Info:    Changing ? sub-encoding to TS1/0 on input line 75.
)
Now handling font encoding LS1 ...
... no UTF-8 mapping file for font encoding LS1
Now handling font encoding LS2 ...
... no UTF-8 mapping file for font encoding LS2
LaTeX Font Info:    Redeclaring symbol font `letters' on input line 76.
LaTeX Font Info:    Encoding `OML' has changed to `LS1' for symbol font
(Font)              `letters' in the math version `normal' on input line 76.
LaTeX Font Info:    Overwriting symbol font `letters' in version `normal'
(Font)                  OML/cmm/m/it --> LS1/stix/m/it on input line 76.
LaTeX Font Info:    Encoding `OML' has changed to `LS1' for symbol font
(Font)              `letters' in the math version `bold' on input line 76.
LaTeX Font Info:    Overwriting symbol font `letters' in version `bold'
(Font)                  OML/cmm/b/it --> LS1/stix/m/it on input line 76.
LaTeX Font Info:    Redeclaring symbol font `operators' on input line 77.
LaTeX Font Info:    Encoding `OT1' has changed to `LS1' for symbol font
(Font)              `operators' in the math version `normal' on input line 77.
LaTeX Font Info:    Overwriting symbol font `operators' in version `normal'
(Font)                  OT1/cmr/m/n --> LS1/stix/m/n on input line 77.
LaTeX Font Info:    Encoding `OT1' has changed to `LS1' for symbol font
(Font)              `operators' in the math version `bold' on input line 77.
LaTeX Font Info:    Overwriting symbol font `operators' in version `bold'
(Font)                  OT1/cmr/bx/n --> LS1/stix/m/n on input line 77.
\symbold-operators=\mathgroup6
LaTeX Font Info:    Redeclaring symbol font `symbols' on input line 79.
LaTeX Font Info:    Encoding `OMS' has changed to `LS1' for symbol font
(Font)              `symbols' in the math version `normal' on input line 79.
LaTeX Font Info:    Overwriting symbol font `symbols' in version `normal'
(Font)                  OMS/cmsy/m/n --> LS1/stixscr/m/n on input line 79.
LaTeX Font Info:    Encoding `OMS' has changed to `LS1' for symbol font
(Font)              `symbols' in the math version `bold' on input line 79.
LaTeX Font Info:    Overwriting symbol font `symbols' in version `bold'
(Font)                  OMS/cmsy/b/n --> LS1/stixscr/m/n on input line 79.
\symsymbols2=\mathgroup7
\symsymbols3=\mathgroup8
\symsymbols4=\mathgroup9
\symintegrals=\mathgroup10
LaTeX Font Info:    Redeclaring symbol font `largesymbols' on input line 84.
LaTeX Font Info:    Encoding `OMX' has changed to `LS2' for symbol font
(Font)              `largesymbols' in the math version `normal' on input line 84.
LaTeX Font Info:    Overwriting symbol font `largesymbols' in version `normal'
(Font)                  OMX/cmex/m/n --> LS2/stixex/m/n on input line 84.
LaTeX Font Info:    Encoding `OMX' has changed to `LS2' for symbol font
(Font)              `largesymbols' in the math version `bold' on input line 84.
LaTeX Font Info:    Overwriting symbol font `largesymbols' in version `bold'
(Font)                  OMX/cmex/m/n --> LS2/stixex/m/n on input line 84.
\symarrows1=\mathgroup11
\symarrows2=\mathgroup12
\symarrows3=\mathgroup13
LaTeX Font Info:    Overwriting symbol font `letters' in version `bold'
(Font)                  LS1/stix/m/it --> LS1/stix/b/it on input line 88.
LaTeX Font Info:    Overwriting symbol font `operators' in version `bold'
(Font)                  LS1/stix/m/n --> LS1/stix/b/n on input line 89.
LaTeX Font Info:    Overwriting symbol font `symbols' in version `bold'
(Font)                  LS1/stixscr/m/n --> LS1/stixscr/b/n on input line 90.
LaTeX Font Info:    Overwriting symbol font `symbols2' in version `bold'
(Font)                  LS1/stixfrak/m/n --> LS1/stixfrak/b/n on input line 91.
LaTeX Font Info:    Overwriting symbol font `symbols3' in version `bold'
(Font)                  LS1/stixbb/m/n --> LS1/stixbb/b/n on input line 92.
LaTeX Font Info:    Overwriting symbol font `symbols4' in version `bold'
(Font)                  LS1/stixbb/m/it --> LS1/stixbb/b/it on input line 93.
LaTeX Font Info:    Overwriting symbol font `integrals' in version `bold'
(Font)                  LS2/stixcal/m/n --> LS2/stixcal/b/n on input line 94.
LaTeX Font Info:    Overwriting symbol font `largesymbols' in version `bold'
(Font)                  LS2/stixex/m/n --> LS2/stixex/b/n on input line 95.
LaTeX Font Info:    Overwriting symbol font `arrows1' in version `bold'
(Font)                  LS1/stixsf/m/n --> LS1/stixsf/b/n on input line 96.
LaTeX Font Info:    Overwriting symbol font `arrows2' in version `bold'
(Font)                  LS1/stixsf/m/it --> LS1/stixsf/b/it on input line 97.
LaTeX Font Info:    Overwriting symbol font `arrows3' in version `bold'
(Font)                  LS2/stixtt/m/n --> LS2/stixtt/b/n on input line 98.
LaTeX Font Info:    Redeclaring math alphabet \mathit on input line 99.
LaTeX Font Info:    Redeclaring math alphabet \mathfrak on input line 102.
LaTeX Font Info:    Redeclaring math alphabet \mathsf on input line 106.
LaTeX Font Info:    Redeclaring math alphabet \mathtt on input line 108.
LaTeX Font Info:    Redeclaring math alphabet \mathbf on input line 109.
LaTeX Info: Redefining \yen on input line 456.
LaTeX Info: Redefining \circledR on input line 458.
LaTeX Info: Redefining \checkmark on input line 460.
LaTeX Info: Redefining \maltese on input line 461.
LaTeX Font Info:    Redeclaring math accent \grave on input line 698.
LaTeX Font Info:    Redeclaring math accent \acute on input line 699.
LaTeX Font Info:    Redeclaring math accent \hat on input line 700.
LaTeX Font Info:    Redeclaring math accent \tilde on input line 701.
LaTeX Font Info:    Redeclaring math accent \bar on input line 702.
LaTeX Font Info:    Redeclaring math accent \breve on input line 703.
LaTeX Font Info:    Redeclaring math accent \dot on input line 704.
LaTeX Font Info:    Redeclaring math accent \ddot on input line 705.
LaTeX Font Info:    Redeclaring math accent \mathring on input line 707.
LaTeX Font Info:    Redeclaring math accent \check on input line 708.
LaTeX Font Info:    Redeclaring math accent \vec on input line 716.
LaTeX Font Info:    Redeclaring math accent \widehat on input line 728.
LaTeX Font Info:    Redeclaring math accent \widetilde on input line 729.
LaTeX Info: Redefining \vdots on input line 1518.
LaTeX Info: Redefining \cdots on input line 1522.
LaTeX Font Info:    Redeclaring math symbol \mathsterling on input line 1978.
LaTeX Info: Redefining \not on input line 2144.
) (/usr/local/texlive/2025/texmf-dist/tex/latex/geometry/geometry.sty
Package: geometry 2020/01/02 v5.9 Page Geometry
 (/usr/local/texlive/2025/texmf-dist/tex/generic/iftex/ifvtex.sty
Package: ifvtex 2019/10/25 v1.7 ifvtex legacy package. Use iftex instead.
)
\Gm@cnth=\count337
\Gm@cntv=\count338
\c@Gm@tempcnt=\count339
\Gm@bindingoffset=\dimen257
\Gm@wd@mp=\dimen258
\Gm@odd@mp=\dimen259
\Gm@even@mp=\dimen260
\Gm@layoutwidth=\dimen261
\Gm@layoutheight=\dimen262
\Gm@layouthoffset=\dimen263
\Gm@layoutvoffset=\dimen264
\Gm@dimlist=\toks32
)) (/usr/local/texlive/2025/texmf-dist/tex/latex/float/float.sty
Package: float 2001/11/08 v1.3d Float enhancements (AL)
\c@float@type=\count340
\float@exts=\toks33
\float@box=\box66
\@float@everytoks=\toks34
\@floatcapt=\box67
) (/usr/local/texlive/2025/texmf-dist/tex/latex/biblatex/biblatex.sty
Package: biblatex 2024/03/21 v3.20 programmable bibliographies (PK/MW)
 (/usr/local/texlive/2025/texmf-dist/tex/latex/logreq/logreq.sty
Package: logreq 2010/08/04 v1.0 xml request logger
\lrq@indent=\count341
 (/usr/local/texlive/2025/texmf-dist/tex/latex/logreq/logreq.def
File: logreq.def 2010/08/04 v1.0 logreq spec v1.0
)) (/usr/local/texlive/2025/texmf-dist/tex/latex/base/ifthen.sty
Package: ifthen 2024/03/16 v1.1e Standard LaTeX ifthen package (DPC)
)
\c@tabx@nest=\count342
\c@listtotal=\count343
\c@listcount=\count344
\c@liststart=\count345
\c@liststop=\count346
\c@citecount=\count347
\c@citetotal=\count348
\c@multicitecount=\count349
\c@multicitetotal=\count350
\c@instcount=\count351
\c@maxnames=\count352
\c@minnames=\count353
\c@maxitems=\count354
\c@minitems=\count355
\c@citecounter=\count356
\c@maxcitecounter=\count357
\c@savedcitecounter=\count358
\c@uniquelist=\count359
\c@uniquename=\count360
\c@refsection=\count361
\c@refsegment=\count362
\c@maxextratitle=\count363
\c@maxextratitleyear=\count364
\c@maxextraname=\count365
\c@maxextradate=\count366
\c@maxextraalpha=\count367
\c@abbrvpenalty=\count368
\c@highnamepenalty=\count369
\c@lownamepenalty=\count370
\c@maxparens=\count371
\c@parenlevel=\count372
\blx@tempcnta=\count373
\blx@tempcntb=\count374
\blx@tempcntc=\count375
\c@blx@maxsection=\count376
\blx@maxsegment@0=\count377
\blx@notetype=\count378
\blx@parenlevel@text=\count379
\blx@parenlevel@foot=\count380
\blx@sectionciteorder@0=\count381
\blx@sectionciteorderinternal@0=\count382
\blx@entrysetcounter=\count383
\blx@biblioinstance=\count384
\labelnumberwidth=\skip71
\labelalphawidth=\skip72
\biblabelsep=\skip73
\bibitemsep=\skip74
\bibnamesep=\skip75
\bibinitsep=\skip76
\bibparsep=\skip77
\bibhang=\skip78
\blx@bcfin=\read3
\blx@bcfout=\write3
\blx@langwohyphens=\language90
\c@mincomprange=\count385
\c@maxcomprange=\count386
\c@mincompwidth=\count387
Package biblatex Info: Trying to load biblatex default data model...
Package biblatex Info: ... file 'blx-dm.def' found.
 (/usr/local/texlive/2025/texmf-dist/tex/latex/biblatex/blx-dm.def
File: blx-dm.def 2024/03/21 v3.20 biblatex datamodel (PK/MW)
)
Package biblatex Info: Trying to load biblatex style data model...
Package biblatex Info: ... file 'authoryear-icomp.dbx' not found.
Package biblatex Info: Trying to load biblatex custom data model...
Package biblatex Info: ... file 'biblatex-dm.cfg' not found.
\c@afterword=\count388
\c@savedafterword=\count389
\c@annotator=\count390
\c@savedannotator=\count391
\c@author=\count392
\c@savedauthor=\count393
\c@bookauthor=\count394
\c@savedbookauthor=\count395
\c@commentator=\count396
\c@savedcommentator=\count397
\c@editor=\count398
\c@savededitor=\count399
\c@editora=\count400
\c@savededitora=\count401
\c@editorb=\count402
\c@savededitorb=\count403
\c@editorc=\count404
\c@savededitorc=\count405
\c@foreword=\count406
\c@savedforeword=\count407
\c@holder=\count408
\c@savedholder=\count409
\c@introduction=\count410
\c@savedintroduction=\count411
\c@namea=\count412
\c@savednamea=\count413
\c@nameb=\count414
\c@savednameb=\count415
\c@namec=\count416
\c@savednamec=\count417
\c@translator=\count418
\c@savedtranslator=\count419
\c@shortauthor=\count420
\c@savedshortauthor=\count421
\c@shorteditor=\count422
\c@savedshorteditor=\count423
\c@labelname=\count424
\c@savedlabelname=\count425
\c@institution=\count426
\c@savedinstitution=\count427
\c@lista=\count428
\c@savedlista=\count429
\c@listb=\count430
\c@savedlistb=\count431
\c@listc=\count432
\c@savedlistc=\count433
\c@listd=\count434
\c@savedlistd=\count435
\c@liste=\count436
\c@savedliste=\count437
\c@listf=\count438
\c@savedlistf=\count439
\c@location=\count440
\c@savedlocation=\count441
\c@organization=\count442
\c@savedorganization=\count443
\c@origlocation=\count444
\c@savedoriglocation=\count445
\c@origpublisher=\count446
\c@savedorigpublisher=\count447
\c@publisher=\count448
\c@savedpublisher=\count449
\c@language=\count450
\c@savedlanguage=\count451
\c@origlanguage=\count452
\c@savedoriglanguage=\count453
\c@pageref=\count454
\c@savedpageref=\count455
\shorthandwidth=\skip79
\shortjournalwidth=\skip80
\shortserieswidth=\skip81
\shorttitlewidth=\skip82
\shortauthorwidth=\skip83
\shorteditorwidth=\skip84
\locallabelnumberwidth=\skip85
\locallabelalphawidth=\skip86
\localshorthandwidth=\skip87
\localshortjournalwidth=\skip88
\localshortserieswidth=\skip89
\localshorttitlewidth=\skip90
\localshortauthorwidth=\skip91
\localshorteditorwidth=\skip92
Package biblatex Info: Trying to load compatibility code...
Package biblatex Info: ... file 'blx-compat.def' found.
 (/usr/local/texlive/2025/texmf-dist/tex/latex/biblatex/blx-compat.def
File: blx-compat.def 2024/03/21 v3.20 biblatex compatibility (PK/MW)
)
Package biblatex Info: Trying to load generic definitions...
Package biblatex Info: ... file 'biblatex.def' found.
 (/usr/local/texlive/2025/texmf-dist/tex/latex/biblatex/biblatex.def
File: biblatex.def 2024/03/21 v3.20 biblatex compatibility (PK/MW)
\c@textcitecount=\count456
\c@textcitetotal=\count457
\c@textcitemaxnames=\count458
\c@biburlbigbreakpenalty=\count459
\c@biburlbreakpenalty=\count460
\c@biburlnumpenalty=\count461
\c@biburlucpenalty=\count462
\c@biburllcpenalty=\count463
\biburlbigskip=\muskip19
\biburlnumskip=\muskip20
\biburlucskip=\muskip21
\biburllcskip=\muskip22
\c@smartand=\count464
)
Package biblatex Info: Trying to load bibliography style 'authoryear-icomp'...
Package biblatex Info: ... file 'authoryear-icomp.bbx' found.
 (/usr/local/texlive/2025/texmf-dist/tex/latex/biblatex/bbx/authoryear-icomp.bbx
File: authoryear-icomp.bbx 2024/03/21 v3.20 biblatex bibliography style (PK/MW)
Package biblatex Info: Trying to load bibliography style 'authoryear'...
Package biblatex Info: ... file 'authoryear.bbx' found.
 (/usr/local/texlive/2025/texmf-dist/tex/latex/biblatex/bbx/authoryear.bbx
File: authoryear.bbx 2024/03/21 v3.20 biblatex bibliography style (PK/MW)
Package biblatex Info: Trying to load bibliography style 'standard'...
Package biblatex Info: ... file 'standard.bbx' found.
 (/usr/local/texlive/2025/texmf-dist/tex/latex/biblatex/bbx/standard.bbx
File: standard.bbx 2024/03/21 v3.20 biblatex bibliography style (PK/MW)
\c@bbx:relatedcount=\count465
\c@bbx:relatedtotal=\count466
)))
Package biblatex Info: Trying to load citation style 'authoryear-icomp'...
Package biblatex Info: ... file 'authoryear-icomp.cbx' found.
 (/usr/local/texlive/2025/texmf-dist/tex/latex/biblatex/cbx/authoryear-icomp.cbx
File: authoryear-icomp.cbx 2024/03/21 v3.20 biblatex citation style (PK/MW)
Package biblatex Info: Redefining '\cite'.
Package biblatex Info: Redefining '\parencite'.
Package biblatex Info: Redefining '\footcite'.
Package biblatex Info: Redefining '\footcitetext'.
Package biblatex Info: Redefining '\smartcite'.
Package biblatex Info: Redefining '\textcite'.
Package biblatex Info: Redefining '\textcites'.
Package biblatex Info: Redefining '\cites'.
Package biblatex Info: Redefining '\parencites'.
Package biblatex Info: Redefining '\footcites'.
Package biblatex Info: Redefining '\footcitetexts'.
Package biblatex Info: Redefining '\smartcites'.
)
Package biblatex Info: Trying to load configuration file...
Package biblatex Info: ... file 'biblatex.cfg' found.
 (/usr/local/texlive/2025/texmf-dist/tex/latex/biblatex/biblatex.cfg
File: biblatex.cfg 
)
Package biblatex Info: Input encoding 'utf8' detected.
Package biblatex Info: Document encoding is UTF8 ....
Package biblatex Info: ... and expl3
(biblatex)             2025-01-18 L3 programming layer (loader) 
(biblatex)             is new enough (at least 2020/04/06),
(biblatex)             setting 'casechanger=expl3'.
 (/usr/local/texlive/2025/texmf-dist/tex/latex/biblatex/blx-case-expl3.sty
Package: blx-case-expl3 2024/03/21 v3.20 expl3 case changing code for biblatex
)) (/usr/local/texlive/2025/texmf-dist/tex/latex/lineno/lineno.sty
Package: lineno 2025/01/29 line numbers on paragraphs v5.4
\linenopenalty=\count467
\output=\toks35
\linenoprevgraf=\count468
\linenumbersep=\dimen265
\linenumberwidth=\dimen266
\c@linenumber=\count469
\c@pagewiselinenumber=\count470
\c@LN@truepage=\count471
\c@internallinenumber=\count472
\c@internallinenumbers=\count473
\quotelinenumbersep=\dimen267
\bframerule=\dimen268
\bframesep=\dimen269
\bframebox=\box68
\@LN@amsmath@ams@eqpen=\count474
LaTeX Info: Redefining \\ on input line 3187.
)
\@quotelevel=\count475
\@quotereset=\count476
LaTeX Font Info:    Trying to load font information for T1+stix on input line 51.
 (/usr/local/texlive/2025/texmf-dist/tex/latex/stix/t1stix.fd
File: t1stix.fd 2015/04/17 v1.1.2-latex STIX T1 font definitions
) (./Manuscript.aux)
\openout1 = `Manuscript.aux'.

LaTeX Font Info:    Checking defaults for OML/cmm/m/it on input line 51.
LaTeX Font Info:    ... okay on input line 51.
LaTeX Font Info:    Checking defaults for OMS/cmsy/m/n on input line 51.
LaTeX Font Info:    ... okay on input line 51.
LaTeX Font Info:    Checking defaults for OT1/cmr/m/n on input line 51.
LaTeX Font Info:    ... okay on input line 51.
LaTeX Font Info:    Checking defaults for T1/cmr/m/n on input line 51.
LaTeX Font Info:    ... okay on input line 51.
LaTeX Font Info:    Checking defaults for TS1/cmr/m/n on input line 51.
LaTeX Font Info:    ... okay on input line 51.
LaTeX Font Info:    Checking defaults for OMX/cmex/m/n on input line 51.
LaTeX Font Info:    ... okay on input line 51.
LaTeX Font Info:    Checking defaults for U/cmr/m/n on input line 51.
LaTeX Font Info:    ... okay on input line 51.
LaTeX Font Info:    Checking defaults for PD1/pdf/m/n on input line 51.
LaTeX Font Info:    ... okay on input line 51.
LaTeX Font Info:    Checking defaults for PU/pdf/m/n on input line 51.
LaTeX Font Info:    ... okay on input line 51.
LaTeX Font Info:    Checking defaults for LS1/stix/m/n on input line 51.
LaTeX Font Info:    Trying to load font information for LS1+stix on input line 51.
 (/usr/local/texlive/2025/texmf-dist/tex/latex/stix/ls1stix.fd
File: ls1stix.fd 2015/04/17 v1.1.2-latex STIX LS1 font definitions
)
LaTeX Font Info:    ... okay on input line 51.
LaTeX Font Info:    Checking defaults for LS2/stix/m/n on input line 51.
LaTeX Font Info:    Trying to load font information for LS2+stix on input line 51.
 (/usr/local/texlive/2025/texmf-dist/tex/latex/stix/ls2stix.fd
File: ls2stix.fd 2015/04/17 v1.1.2-latex STIX LS2 font definitions
)
LaTeX Font Info:    ... okay on input line 51.
 (/usr/local/texlive/2025/texmf-dist/tex/context/base/mkii/supp-pdf.mkii
[Loading MPS to PDF converter (version 2006.09.02).]
\scratchcounter=\count477
\scratchdimen=\dimen270
\scratchbox=\box69
\nofMPsegments=\count478
\nofMParguments=\count479
\everyMPshowfont=\toks36
\MPscratchCnt=\count480
\MPscratchDim=\dimen271
\MPnumerator=\count481
\makeMPintoPDFobject=\count482
\everyMPtoPDFconversion=\toks37
) (/usr/local/texlive/2025/texmf-dist/tex/latex/epstopdf-pkg/epstopdf-base.sty
Package: epstopdf-base 2020-01-24 v2.11 Base part for package epstopdf
Package epstopdf-base Info: Redefining graphics rule for `.eps' on input line 485.
 (/usr/local/texlive/2025/texmf-dist/tex/latex/latexconfig/epstopdf-sys.cfg
File: epstopdf-sys.cfg 2010/07/13 v1.3 Configuration of (r)epstopdf for TeX Live
))
LaTeX Info: Command `\dddot' is already robust on input line 51.
LaTeX Info: Command `\ddddot' is already robust on input line 51.
Package hyperref Info: Link coloring ON on input line 51.
\@outlinefile=\write4
\openout4 = `Manuscript.out'.


*geometry* driver: auto-detecting
*geometry* detected driver: pdftex
*geometry* verbose mode - [ preamble ] result:
* driver: pdftex
* paper: custom
* layout: <same size as paper>
* layoutoffset:(h,v)=(0.0pt,0.0pt)
* modes: 
* h-part:(L,W,R)=(38.98026pt, 468.3324pt, 38.98026pt)
* v-part:(T,H,B)=(54.06023pt, 637.34175pt, 54.06023pt)
* \paperwidth=546.29291pt
* \paperheight=745.4622pt
* \textwidth=468.3324pt
* \textheight=637.34175pt
* \oddsidemargin=-33.28973pt
* \evensidemargin=-33.28973pt
* \topmargin=-42.20976pt
* \headheight=12.0pt
* \headsep=12.0pt
* \topskip=10.0pt
* \footskip=12.0pt
* \marginparwidth=57.0pt
* \marginparsep=11.0pt
* \columnsep=10.0pt
* \skip\footins=9.0pt plus 4.0pt minus 2.0pt
* \hoffset=0.0pt
* \voffset=0.0pt
* \mag=1000
* \@twocolumnfalse
* \@twosidefalse
* \@mparswitchfalse
* \@reversemarginfalse
* (1in=72.27pt=25.4mm, 1cm=28.453pt)

Package biblatex Info: Trying to load language 'english'...
Package biblatex Info: ... file 'english.lbx' found.
(/usr/local/texlive/2025/texmf-dist/tex/latex/biblatex/lbx/english.lbx
File: english.lbx 2024/03/21 v3.20 biblatex localization (PK/MW)
)
Package biblatex Info: Input encoding 'utf8' detected.
Package biblatex Info: Automatic encoding selection.
(biblatex)             Assuming data encoding 'utf8'.
\openout3 = `Manuscript.bcf'.

Package biblatex Info: Trying to load bibliographic data...
Package biblatex Info: ... file 'Manuscript.bbl' not found.

No file Manuscript.bbl.
Package biblatex Info: Reference section=0 on input line 51.
Package biblatex Info: Reference segment=0 on input line 51.
\verbatim@out=\write5
\openout5 = `Manuscript.abs'.


Package lineno Warning: Line number reference failed, re-run to get it right.


Overfull \hbox (117.0831pt too wide) detected at line 117
[]
 []

(./Manuscript.abs)

LaTeX Warning: Citation 'us_department_of_energy_alternative_2025' on page 1 undefined on input line 123.


LaTeX Warning: Citation 'bureau_of_transportation_statistics_hybrid-electric_2025' on page 1 undefined on input line 123.


LaTeX Warning: Citation 'sugihara_electrifying_2022' on page 1 undefined on input line 123.


LaTeX Warning: Citation 'bureau_of_transportation_statistics_hybrid-electric_2025' on page 1 undefined on input line 123.


LaTeX Warning: Citation 'shakir_hertz_2024' on page 1 undefined on input line 123.


Overfull \hbox (45.75752pt too wide) in paragraph at lines 123--124
\T1/stix/m/n/10 elec-tric ve-hi-cles (HEVs) --- have seen sig-nif-i-cant adop-tion growth in re-cent years ([]).
 []


LaTeX Warning: Citation 'gore_consumer_2024' on page 1 undefined on input line 125.


LaTeX Warning: Citation 'li_review_2017' on page 1 undefined on input line 125.


LaTeX Warning: Citation 'hardman_comparing_2016' on page 1 undefined on input line 125.


LaTeX Warning: Citation 'burs_are_2020' on page 1 undefined on input line 125.



[1

{/usr/local/texlive/2025/texmf-var/fonts/map/pdftex/updmap/pdftex.map}{/usr/local/texlive/2025/texmf-dist/fonts/enc/dvips/stix/stix-t1.enc}{/usr/local/texlive/2025/texmf-dist/fonts/enc/dvips/cm-super/cm-super-t1.enc}]
LaTeX Font Info:    Trying to load font information for TS1+stix on input line 128.
 (/usr/local/texlive/2025/texmf-dist/tex/latex/stix/ts1stix.fd
File: ts1stix.fd 2015/04/17 v1.1.2-latex STIX TS1 font definitions
)

LaTeX Warning: Citation 'li_ownership_2019' on page 2 undefined on input line 128.


LaTeX Warning: Citation 'davis_electric_2022' on page 2 undefined on input line 128.


LaTeX Warning: Citation 'experian_automotive_2024' on page 2 undefined on input line 128.


LaTeX Warning: Citation 'feng_battery_2024' on page 2 undefined on input line 128.


LaTeX Warning: Citation 'feng_battery_2024' on page 2 undefined on input line 130.


LaTeX Warning: Citation 'davis_how_2019' on page 2 undefined on input line 130.


LaTeX Warning: Citation 'burlig_low_2021' on page 2 undefined on input line 130.



LaTeX Font Info:    Trying to load font information for LS1+stixscr on input line 131.
(/usr/local/texlive/2025/texmf-dist/tex/latex/stix/ls1stixscr.fd
File: ls1stixscr.fd 2015/04/17 v1.1.2-latex STIX script LS1 font definitions
)
LaTeX Font Info:    Trying to load font information for LS2+stixex on input line 131.
 (/usr/local/texlive/2025/texmf-dist/tex/latex/stix/ls2stixex.fd
File: ls2stixex.fd 2015/04/17 v1.1.2-latex STIX extentions LS2 font definitions
)
LaTeX Font Info:    Trying to load font information for U+msa on input line 131.
 (/usr/local/texlive/2025/texmf-dist/tex/latex/amsfonts/umsa.fd
File: umsa.fd 2013/01/14 v3.01 AMS symbols A
)
LaTeX Font Info:    Trying to load font information for U+msb on input line 131.
 (/usr/local/texlive/2025/texmf-dist/tex/latex/amsfonts/umsb.fd
File: umsb.fd 2013/01/14 v3.01 AMS symbols B
)
LaTeX Font Info:    Trying to load font information for LS1+stixfrak on input line 131.
 (/usr/local/texlive/2025/texmf-dist/tex/latex/stix/ls1stixfrak.fd
File: ls1stixfrak.fd 2015/04/17 v1.1.2-latex STIX fraktur LS1 font definitions
)
LaTeX Font Info:    Trying to load font information for LS1+stixbb on input line 131.
 (/usr/local/texlive/2025/texmf-dist/tex/latex/stix/ls1stixbb.fd
File: ls1stixbb.fd 2015/04/17 v1.1.2-latex STIX blackboard LS1 font definitions
)
LaTeX Font Info:    Trying to load font information for LS2+stixcal on input line 131.
 (/usr/local/texlive/2025/texmf-dist/tex/latex/stix/ls2stixcal.fd
File: ls2stixcal.fd 2015/04/17 v1.1.2-latex STIX calligraphic LS2 font definitions
)
LaTeX Font Info:    Trying to load font information for LS1+stixsf on input line 131.
 (/usr/local/texlive/2025/texmf-dist/tex/latex/stix/ls1stixsf.fd
File: ls1stixsf.fd 2015/04/17 v1.1.2-latex STIX sans-serif LS1 font definitions
)
LaTeX Font Info:    Trying to load font information for LS2+stixtt on input line 131.
 (/usr/local/texlive/2025/texmf-dist/tex/latex/stix/ls2stixtt.fd
File: ls2stixtt.fd 2015/04/17 v1.1.2-latex STIX typewriter LS2 font definitions
)
Underfull \hbox (badness 10000) has occurred while \output is active
$[]$
 []

[2{/usr/local/texlive/2025/texmf-dist/fonts/enc/dvips/stix/stix-ts1.enc}]

LaTeX Warning: Citation 'axsen_hybrid_2013' on page 3 undefined on input line 131.


LaTeX Warning: Citation 'jia_are_2021' on page 3 undefined on input line 131.


LaTeX Warning: Citation 'krishna_understanding_2021' on page 3 undefined on input line 133.


LaTeX Warning: Citation 'iogansen_deciphering_2023' on page 3 undefined on input line 133.


LaTeX Warning: Citation 'gore_consumer_2024' on page 3 undefined on input line 136.


LaTeX Warning: Citation 'zhang_information_2022' on page 3 undefined on input line 136.


LaTeX Warning: Citation 'srinivasa_raghavan_behavioral_2021' on page 3 undefined on input line 138.




Underfull \hbox (badness 10000) has occurred while \output is active
$[]$
 []

[3]

LaTeX Warning: Citation 'li_review_2017' on page 4 undefined on input line 140.


LaTeX Warning: Citation 'rogers_diffusion_2003' on page 4 undefined on input line 144.


LaTeX Warning: Citation 'ajzen_theory_1991' on page 4 undefined on input line 144.


LaTeX Warning: Citation 'levy_introduction_1992' on page 4 undefined on input line 144.


LaTeX Warning: Citation 'camerer_bounded_1998' on page 4 undefined on input line 144.




Underfull \hbox (badness 10000) has occurred while \output is active
$[]$
 []

[4]

LaTeX Warning: Citation 'bhat_impact_2009' on page 5 undefined on input line 152.


LaTeX Warning: Citation 'paleti_modeling_2013' on page 5 undefined on input line 152.


LaTeX Warning: Citation 'garikapati_characterizing_2014' on page 5 undefined on input line 152.


LaTeX Warning: Citation 'hess_joint_2012' on page 5 undefined on input line 152.


LaTeX Warning: Citation 'hossain_what_2023' on page 5 undefined on input line 152.


LaTeX Warning: Citation 'tamor_electric_2015' on page 5 undefined on input line 152.


LaTeX Warning: Citation 'jakobsson_are_2016' on page 5 undefined on input line 152.




Underfull \hbox (badness 10000) has occurred while \output is active
$[]$
 []

[5]

LaTeX Warning: Citation 'chowdhury_electric_2024' on page 6 undefined on input line 154.


LaTeX Warning: Citation 'feng_battery_2024' on page 6 undefined on input line 154.


LaTeX Warning: Citation 'gore_consumer_2024' on page 6 undefined on input line 158.


LaTeX Warning: Citation 'pamidimukkala_evaluation_2023' on page 6 undefined on input line 163.


LaTeX Warning: Citation 'letmathe_consumer-oriented_2017' on page 6 undefined on input line 163.


LaTeX Warning: Citation 'gore_consumer_2024' on page 6 undefined on input line 163.


LaTeX Warning: Citation 'rapson_economics_2021' on page 6 undefined on input line 163.


LaTeX Warning: Citation 'hagman_total_2016' on page 6 undefined on input line 163.


LaTeX Warning: Citation 'breetz_electric_2018' on page 6 undefined on input line 163.


LaTeX Warning: Citation 'roberson_battery-powered_2024' on page 6 undefined on input line 163.


LaTeX Warning: Citation 'dumortier_effects_2015' on page 6 undefined on input line 163.


LaTeX Warning: Citation 'breetz_electric_2018' on page 6 undefined on input line 163.


LaTeX Warning: Citation 'letmathe_consumer-oriented_2017' on page 6 undefined on input line 163.


LaTeX Warning: Citation 'woody_electric_2024' on page 6 undefined on input line 163.


Overfull \hbox (66.05167pt too wide) in paragraph at lines 162--164
[]\T1/stix/m/n/10 Financial con-sid-er-a-tions cap-ture the eco-nomic costs and ben-e-fits as-so-ci-ated with BEV adop-tion. []
 []




Underfull \hbox (badness 10000) has occurred while \output is active
$[]$
 []

[6]

LaTeX Warning: Citation 'woody_electric_2024' on page 7 undefined on input line 165.


LaTeX Warning: Citation 'mekky_impact_2024' on page 7 undefined on input line 165.


LaTeX Warning: Citation 'roberson_not_2022' on page 7 undefined on input line 165.


LaTeX Warning: Citation 'sanders_north_2020' on page 7 undefined on input line 165.


LaTeX Warning: Citation 'woody_electric_2024' on page 7 undefined on input line 165.


LaTeX Warning: Citation 'breetz_electric_2018' on page 7 undefined on input line 165.


LaTeX Warning: Citation 'hagman_total_2016' on page 7 undefined on input line 165.


LaTeX Warning: Citation 'krause_perception_2013' on page 7 undefined on input line 169.


LaTeX Warning: Citation 'zhang_information_2022' on page 7 undefined on input line 169.


LaTeX Warning: Citation 'iogansen_deciphering_2023' on page 7 undefined on input line 169.


LaTeX Warning: Citation 'tanaka_consumers_2014' on page 7 undefined on input line 169.




Underfull \hbox (badness 10000) has occurred while \output is active
$[]$
 []

[7]

LaTeX Warning: Citation 'gore_consumer_2024' on page 8 undefined on input line 173.


LaTeX Warning: Citation 'pamidimukkala_evaluation_2023' on page 8 undefined on input line 173.


LaTeX Warning: Citation 'chakraborty_addressing_2022' on page 8 undefined on input line 173.


LaTeX Warning: Citation 'rainieri_psychological_2023' on page 8 undefined on input line 173.


LaTeX Warning: Citation 'carley_intent_2013' on page 8 undefined on input line 173.


LaTeX Warning: Citation 'chakraborty_addressing_2022' on page 8 undefined on input line 173.


LaTeX Warning: Citation 'gore_consumer_2024' on page 8 undefined on input line 173.


Overfull \hbox (60.34pt too wide) in paragraph at lines 173--174
\T1/stix/m/n/10 anx-i-ety re-mains one of the most fre-quently cited bar-ri-ers to EV adop-tion ([]; []),
 []


LaTeX Warning: Citation 'shrestha_measures_2022' on page 8 undefined on input line 175.


LaTeX Warning: Citation 'rastani_effects_2019' on page 8 undefined on input line 175.


LaTeX Warning: Citation 'wai_simulation_2015' on page 8 undefined on input line 175.


LaTeX Warning: Citation 'you_efficient_2014' on page 8 undefined on input line 175.


LaTeX Warning: Citation 'wang_spatio-temporal_2018' on page 8 undefined on input line 175.


LaTeX Warning: Citation 'wu_optimization_2018' on page 8 undefined on input line 175.


LaTeX Warning: Citation 'chakraborty_addressing_2022' on page 8 undefined on input line 175.


LaTeX Warning: Citation 'chakraborty_addressing_2022' on page 8 undefined on input line 175.


LaTeX Warning: Citation 'neubauer_impact_2014' on page 8 undefined on input line 175.


LaTeX Warning: Citation 'yang_modeling_2016' on page 8 undefined on input line 175.


LaTeX Warning: Citation 'bruckmann_is_2021' on page 8 undefined on input line 177.


LaTeX Warning: Citation 'pamidimukkala_evaluation_2023' on page 8 undefined on input line 177.


LaTeX Warning: Citation 'hagman_total_2016' on page 8 undefined on input line 177.


LaTeX Warning: Citation 'bruckmann_is_2021' on page 8 undefined on input line 177.


LaTeX Warning: Citation 'roberson_battery-powered_2024' on page 8 undefined on input line 177.


LaTeX Warning: Citation 'zhang_resale_2023' on page 8 undefined on input line 177.




Underfull \hbox (badness 10000) has occurred while \output is active
$[]$
 []

[8]

LaTeX Warning: Citation 'carrel_subscribing_2024' on page 9 undefined on input line 184.


LaTeX Warning: Citation 'gore_what_2021' on page 9 undefined on input line 184.




Underfull \hbox (badness 10000) has occurred while \output is active
$[]$
 []

[9]

LaTeX Warning: Citation 'gore_data_2025' on page 10 undefined on input line 188.


LaTeX Warning: Citation 'webb_consumer_2025' on page 10 undefined on input line 188.


LaTeX Warning: Reference `table_cross_tabs' on page 10 undefined on input line 194.


LaTeX Warning: Reference `section:method' on page 10 undefined on input line 194.


LaTeX Warning: Reference `section:result' on page 10 undefined on input line 194.




Underfull \hbox (badness 10000) has occurred while \output is active
$[]$
 []

[10]

LaTeX Warning: Reference `figure_BEVadoption_current_fuel' on page 11 undefined on input line 205.


LaTeX Warning: Citation 'saaksjarvi_consumer_2003' on page 11 undefined on input line 205.


LaTeX Warning: Citation 'nazari_simultaneous_2019' on page 11 undefined on input line 205.


LaTeX Warning: Citation 'hossain_what_2023' on page 11 undefined on input line 205.




Underfull \hbox (badness 10000) has occurred while \output is active
$[]$
 []

[11]

LaTeX Warning: File `BEV_adoption/Future BEV adoption_5fuel-1.png' not found on input line 209.


/Users/xnw17/Documents/GitHub/Conjoint_Survey_25/paper_writing/battery_paper/Manuscript.tex:209: Package pdftex.def Error: File `BEV_adoption/Future BEV adoption_5fuel-1.png' not found: using draft setting.

See the pdftex.def package documentation for explanation.
Type  H <return>  for immediate help.
 ...                                              
                                                  
l.209 ...adoption/Future BEV adoption_5fuel-1.png}
                                                  
Try typing  <return>  to proceed.
If that doesn't work, type  X <return>  to quit.




Underfull \hbox (badness 10000) has occurred while \output is active
$[]$
 []

[12
pdfTeX warning (ext4): destination with the same identifier (name{figure.1}) has been already used, duplicate ignored
<argument> ...shipout:D \box_use:N \l_shipout_box 
                                                  \__shipout_drop_firstpage_...
l.216 \noindent\textbf{\textit{BEV knowledge}}\par
                                                  ]

LaTeX Warning: Citation 'carsheetio_ultimate_2025' on page 13 undefined on input line 219.


LaTeX Warning: Citation 'clarke_car_2024' on page 13 undefined on input line 219.


LaTeX Warning: Citation 'smith_predictive_2014' on page 13 undefined on input line 219.


LaTeX Warning: Citation 'schulz-monninghoff_integration_2021' on page 13 undefined on input line 219.


LaTeX Warning: Citation 'kothari_battery_2024' on page 13 undefined on input line 219.


LaTeX Warning: Citation 'witt_electric_2024' on page 13 undefined on input line 219.


LaTeX Warning: Citation 'krause_perception_2013' on page 13 undefined on input line 221.


LaTeX Warning: Citation 'axsen_confusion_2017' on page 13 undefined on input line 221.


LaTeX Warning: Reference `figure_knowledge' on page 13 undefined on input line 221.




Underfull \hbox (badness 10000) has occurred while \output is active
$[]$
 []

[13]

LaTeX Warning: File `BEV_adoption/BEV knowledge_5 fuel-1.png' not found on input line 225.


/Users/xnw17/Documents/GitHub/Conjoint_Survey_25/paper_writing/battery_paper/Manuscript.tex:225: Package pdftex.def Error: File `BEV_adoption/BEV knowledge_5 fuel-1.png' not found: using draft setting.

See the pdftex.def package documentation for explanation.
Type  H <return>  for immediate help.
 ...                                              
                                                  
l.225 ...{BEV_adoption/BEV knowledge_5 fuel-1.png}
                                                  
Try typing  <return>  to proceed.
If that doesn't work, type  X <return>  to quit.




Underfull \hbox (badness 10000) has occurred while \output is active
$[]$
 []

[14]

LaTeX Warning: Reference `figure_anxiety' on page 15 undefined on input line 233.




Underfull \hbox (badness 10000) has occurred while \output is active
$[]$
 []

[15
pdfTeX warning (ext4): destination with the same identifier (name{figure.2}) has been already used, duplicate ignored
<argument> ...shipout:D \box_use:N \l_shipout_box 
                                                  \__shipout_drop_firstpage_...
l.234 
      ]

LaTeX Warning: Citation 'conover_practical_1999' on page 16 undefined on input line 235.


LaTeX Warning: Citation 'hollander_nonparametric_2015' on page 16 undefined on input line 235.


LaTeX Warning: Reference `table_factor_analysis' on page 16 undefined on input line 237.


LaTeX Warning: File `BEV_adoption/BEV anxiety-5fuel-1.png' not found on input line 241.


/Users/xnw17/Documents/GitHub/Conjoint_Survey_25/paper_writing/battery_paper/Manuscript.tex:241: Package pdftex.def Error: File `BEV_adoption/BEV anxiety-5fuel-1.png' not found: using draft setting.

See the pdftex.def package documentation for explanation.
Type  H <return>  for immediate help.
 ...                                              
                                                  
l.241 ...th]{BEV_adoption/BEV anxiety-5fuel-1.png}
                                                  
Try typing  <return>  to proceed.
If that doesn't work, type  X <return>  to quit.




Underfull \hbox (badness 10000) has occurred while \output is active
$[]$
 []

[16]

LaTeX Warning: Reference `figure_cost' on page 17 undefined on input line 249.




Underfull \hbox (badness 10000) has occurred while \output is active
$[]$
 []

[17
pdfTeX warning (ext4): destination with the same identifier (name{figure.3}) has been already used, duplicate ignored
<argument> ...shipout:D \box_use:N \l_shipout_box 
                                                  \__shipout_drop_firstpage_...
l.250 
      ]

LaTeX Warning: Reference `table_factor_analysis' on page 18 undefined on input line 251.


LaTeX Warning: File `BEV_adoption/pecerived_costs_5fuel-1.pdf' not found on input line 255.


/Users/xnw17/Documents/GitHub/Conjoint_Survey_25/paper_writing/battery_paper/Manuscript.tex:255: Package pdftex.def Error: File `BEV_adoption/pecerived_costs_5fuel-1.pdf' not found: using draft setting.

See the pdftex.def package documentation for explanation.
Type  H <return>  for immediate help.
 ...                                              
                                                  
l.255 ...BEV_adoption/pecerived_costs_5fuel-1.pdf}
                                                  
Try typing  <return>  to proceed.
If that doesn't work, type  X <return>  to quit.




Underfull \hbox (badness 10000) has occurred while \output is active
$[]$
 []

[18]


Underfull \hbox (badness 10000) has occurred while \output is active
$[]$
 []

[19
pdfTeX warning (ext4): destination with the same identifier (name{figure.4}) has been already used, duplicate ignored
<argument> ...shipout:D \box_use:N \l_shipout_box 
                                                  \__shipout_drop_firstpage_...
l.265 
      ]

LaTeX Warning: Citation 'us_department_of_energy_alternative_2025' on page 20 undefined on input line 267.


LaTeX Warning: Citation 'narassimhan_role_2018' on page 20 undefined on input line 269.


LaTeX Warning: Citation 'jenn_effectiveness_2018' on page 20 undefined on input line 269.


LaTeX Warning: Citation 'center_for_climate_and_energy_solutions_us_2022' on page 20 undefined on input line 269.


LaTeX Warning: Reference `table_cross_tabs' on page 20 undefined on input line 272.


LaTeX Warning: Citation 'us_census_bureau_b01003_2023' on page 20 undefined on input line 272.




Underfull \hbox (badness 10000) has occurred while \output is active
$[]$
 []

[20]


Underfull \hbox (badness 10000) has occurred while \output is active
$[]$
 []

[21]
Overfull \hbox (1.33092pt too wide) in paragraph at lines 286--287
[]|\T1/cmss/bx/n/9 Percentage
 []


Underfull \hbox (badness 10000) in paragraph at lines 286--287
\T1/cmss/bx/n/9 / Mean
 []


Underfull \hbox (badness 1635) in paragraph at lines 289--289
[]|\T1/cmss/m/n/9 Reasonable es-ti-mate on BEV per-for-
 []


Overfull \vbox (6.05025pt too high) detected at line 312
 []


Overfull \hbox (6.64214pt too wide) in paragraph at lines 312--313
[]|\T1/cmss/m/n/9 43.65(14.36)| 
 []


Overfull \hbox (2.01826pt too wide) in paragraph at lines 322--323
[]|\T1/cmss/m/n/9 10.37(6.21)| 
 []


Underfull \hbox (badness 3792) in paragraph at lines 326--326
[]|\T1/cmss/m/n/9 Multi-family home, du-
 []


Overfull \hbox (2.01826pt too wide) in paragraph at lines 329--330
[]|\T1/cmss/m/n/9 5.54(13.38)| 
 []


/Users/xnw17/Documents/GitHub/Conjoint_Survey_25/paper_writing/battery_paper/Manuscript.tex:335: LaTeX Error: \begin{document} ended by \end{singlespace}.

See the LaTeX manual or LaTeX Companion for explanation.
Type  H <return>  for immediate help.
 ...                                              
                                                  
l.335 \end{singlespace}
                       
Your command was ignored.
Type  I <command> <return>  to replace it with another command,
or  <return>  to continue without it.

/Users/xnw17/Documents/GitHub/Conjoint_Survey_25/paper_writing/battery_paper/Manuscript.tex:335: Extra \endgroup.
\end  ...end#1\endcsname \@checkend {#1}\endgroup 
                                                  \UseHook {env/#1/after}\if...
l.335 \end{singlespace}
                       
Things are pretty mixed up, but I think the worst is over.




Underfull \hbox (badness 10000) has occurred while \output is active
$[]$
 []

[22
pdfTeX warning (ext4): destination with the same identifier (name{table.1}) has been already used, duplicate ignored
<argument> ...shipout:D \box_use:N \l_shipout_box 
                                                  \__shipout_drop_firstpage_...
l.342 \section{Method}
                      ]

LaTeX Warning: Reference `table_cross_tabs' on page 23 undefined on input line 352.


LaTeX Warning: Reference `table_cross_tabs' on page 23 undefined on input line 356.


LaTeX Warning: Citation 'cramer_mathematical_1946' on page 23 undefined on input line 356.




Underfull \hbox (badness 10000) has occurred while \output is active
$[]$
 []

[23]

LaTeX Warning: Reference `table_bl_model_coefficents' on page 24 undefined on input line 363.


LaTeX Warning: Reference `table_BL_comparison' on page 24 undefined on input line 363.




Underfull \hbox (badness 10000) has occurred while \output is active
$[]$
 []

[24]

LaTeX Warning: Citation 'bjorndal_smart_2023' on page 25 undefined on input line 371.


Underfull \hbox (badness 10000) in paragraph at lines 399--399
[]|\T1/cmss/m/n/9 Education: Mas-ter's de-gree or higher (ref: high
 []


Overfull \hbox (38.9948pt too wide) in paragraph at lines 380--419
 [][] 
 []




Underfull \hbox (badness 10000) has occurred while \output is active
$[]$
 []

[25]


Underfull \hbox (badness 10000) has occurred while \output is active
$[]$
 []

[26
pdfTeX warning (ext4): destination with the same identifier (name{table.2}) has been already used, duplicate ignored
<argument> ...shipout:D \box_use:N \l_shipout_box 
                                                  \__shipout_drop_firstpage_...
l.426 \newpage
              ]
Overfull \hbox (25.82632pt too wide) in paragraph at lines 433--433
[]|\T1/cmss/bx/n/9 Difference 
 []


Overfull \hbox (0.75188pt too wide) in paragraph at lines 433--433
\T1/cmss/bx/n/9 test 
 []


Overfull \hbox (9.1707pt too wide) in paragraph at lines 433--433
\T1/cmss/m/n/9 value)|  
 []


Overfull \vbox (18.70016pt too high) detected at line 433
 []


Underfull \hbox (badness 10000) in paragraph at lines 434--434
[]|\T1/cmss/bx/n/9 BEV-only
 []


Underfull \hbox (badness 10000) in paragraph at lines 434--434
[]|\T1/cmss/bx/n/9 BEV-mixed-
 []


Underfull \hbox (badness 10000) in paragraph at lines 437--437
[]|\T1/cmss/m/n/9 Household
 []


Underfull \hbox (badness 10000) in paragraph at lines 437--437
\T1/cmss/m/n/9 ve-hi-cle
 []


Overfull \vbox (9.35008pt too high) detected at line 452
 []


Underfull \hbox (badness 10000) in paragraph at lines 454--454
[]|\T1/cmss/m/n/9 Manufacture-rated
 []


Overfull \hbox (7.35396pt too wide) in paragraph at lines 454--454
[]|\T1/cmss/m/n/9 272.49(101.18)| 
 []


Overfull \hbox (7.35396pt too wide) in paragraph at lines 454--454
[]|\T1/cmss/m/n/9 276.02(118.91)| 
 []


Overfull \vbox (7.70016pt too high) detected at line 457
 []


Underfull \hbox (badness 1540) in paragraph at lines 457--457
[]|\T1/cmss/m/n/9 Annual fre-quency of
 []


Overfull \hbox (11.41663pt too wide) in paragraph at lines 476--476
[]|[]| 
 []


Overfull \hbox (19.07797pt too wide) in paragraph at lines 431--495
 [][] 
 []


Overfull \vbox (9.23572pt too high) has occurred while \output is active []




Underfull \hbox (badness 10000) has occurred while \output is active
$[]$
 []

[27
pdfTeX warning (ext4): destination with the same identifier (name{table.3}) has been already used, duplicate ignored
<argument> ...shipout:D \box_use:N \l_shipout_box 
                                                  \__shipout_drop_firstpage_...
l.503 
      ]

LaTeX Warning: Reference `table_mnl_model_coefficents' on page 28 undefined on input line 508.


LaTeX Warning: Citation 'hausman_specification_1984' on page 28 undefined on input line 508.


LaTeX Warning: Citation 'iogansen_deciphering_2023' on page 28 undefined on input line 512.


LaTeX Warning: Citation 'mustafa_role_2024' on page 28 undefined on input line 512.


LaTeX Warning: Citation 'gore_consumer_2024' on page 28 undefined on input line 512.


LaTeX Warning: Citation 'gore_what_2021' on page 28 undefined on input line 512.


LaTeX Warning: Citation 'javid_comprehensive_2017' on page 28 undefined on input line 514.


LaTeX Warning: Citation 'shaw_rivian_2024' on page 28 undefined on input line 514.


LaTeX Warning: Citation 'johnson_hyundai_2024' on page 28 undefined on input line 514.


LaTeX Warning: Citation 'general_motors_gm_2024' on page 28 undefined on input line 514.




Underfull \hbox (badness 10000) has occurred while \output is active
$[]$
 []

[28]

LaTeX Warning: Citation 'abdul_qadir_navigating_2024' on page 29 undefined on input line 516.


LaTeX Warning: Citation 'zhao_media_2024' on page 29 undefined on input line 516.


LaTeX Warning: Citation 'iogansen_deciphering_2023' on page 29 undefined on input line 518.


Overfull \hbox (5.7975pt too wide) in paragraph at lines 518--519
\T1/stix/m/n/10 con-sis-tent with pre-vi-ous re-search show-ing gen-er-a-tional dif-fer-ences in tech-nol-ogy up-take ([]).
 []


LaTeX Warning: Citation 'noppers_adoption_2014' on page 29 undefined on input line 520.


LaTeX Warning: Citation 'rogers_diffusion_2003' on page 29 undefined on input line 520.


LaTeX Warning: Citation 'ajzen_theory_1991' on page 29 undefined on input line 520.




Underfull \hbox (badness 10000) has occurred while \output is active
$[]$
 []

[29]

LaTeX Warning: Citation 'heutel_prospect_2019' on page 30 undefined on input line 522.


LaTeX Warning: Citation 'jia_why_2025' on page 30 undefined on input line 522.


LaTeX Warning: Citation 'gounaris_adoption_2012' on page 30 undefined on input line 522.




Underfull \hbox (badness 10000) has occurred while \output is active
$[]$
 []

[30]
Overfull \hbox (14.56378pt too wide) in paragraph at lines 539--539
[]|[]| 
 []


Overfull \hbox (1.14746pt too wide) in paragraph at lines 544--544
[]|\T1/cmss/m/n/9 1.019| 
 []


Overfull \hbox (1.14746pt too wide) in paragraph at lines 544--544
[]|\T1/cmss/m/n/9 0.034| 
 []


Underfull \hbox (badness 10000) in paragraph at lines 545--545
[]|\T1/cmss/m/n/9 Current
 []


Overfull \hbox (1.14746pt too wide) in paragraph at lines 545--545
[]|\T1/cmss/m/n/9 0.902| 
 []


Overfull \hbox (1.14746pt too wide) in paragraph at lines 545--545
[]|\T1/cmss/m/n/9 1.148| 
 []


Overfull \hbox (4.3066pt too wide) in paragraph at lines 547--547
[]|\T1/cmss/m/n/9 Perceptions, 
 []


Overfull \hbox (1.14746pt too wide) in paragraph at lines 547--547
[]|\T1/cmss/m/n/9 1.758| 
 []


Overfull \hbox (1.14746pt too wide) in paragraph at lines 547--548
[]|\T1/cmss/m/n/9 1.048| 
 []


Overfull \hbox (1.14746pt too wide) in paragraph at lines 548--548
[]|\T1/cmss/m/n/9 1.840| 
 []


Overfull \hbox (1.14746pt too wide) in paragraph at lines 548--549
[]|\T1/cmss/m/n/9 0.949| 
 []


Overfull \hbox (1.14746pt too wide) in paragraph at lines 549--549
[]|\T1/cmss/m/n/9 0.833| 
 []


Overfull \hbox (1.14746pt too wide) in paragraph at lines 549--550
[]|\T1/cmss/m/n/9 1.261| 
 []


Overfull \hbox (1.14746pt too wide) in paragraph at lines 550--550
[]|\T1/cmss/m/n/9 0.723| 
 []


Overfull \hbox (1.14746pt too wide) in paragraph at lines 550--551
[]|\T1/cmss/m/n/9 1.196| 
 []


Overfull \hbox (1.14746pt too wide) in paragraph at lines 552--552
[]|\T1/cmss/m/n/9 1.499| 
 []


Overfull \hbox (1.14746pt too wide) in paragraph at lines 552--553
[]|\T1/cmss/m/n/9 0.685| 
 []


Overfull \hbox (1.14746pt too wide) in paragraph at lines 553--553
[]|\T1/cmss/m/n/9 1.172| 
 []


Overfull \hbox (1.14746pt too wide) in paragraph at lines 553--554
[]|\T1/cmss/m/n/9 0.962| 
 []


Overfull \hbox (1.14746pt too wide) in paragraph at lines 554--554
[]|\T1/cmss/m/n/9 1.021| 
 []


Overfull \hbox (1.14746pt too wide) in paragraph at lines 554--555
[]|\T1/cmss/m/n/9 0.956| 
 []


Overfull \hbox (2.49069pt too wide) in paragraph at lines 555--555
[]|\T1/cmss/m/n/9 ***| 
 []


Overfull \hbox (1.14746pt too wide) in paragraph at lines 555--555
[]|\T1/cmss/m/n/9 0.873| 
 []


Overfull \hbox (1.14746pt too wide) in paragraph at lines 555--556
[]|\T1/cmss/m/n/9 1.124| 
 []


Overfull \hbox (1.14746pt too wide) in paragraph at lines 556--556
[]|\T1/cmss/m/n/9 0.631| 
 []


Overfull \hbox (1.14746pt too wide) in paragraph at lines 556--557
[]|\T1/cmss/m/n/9 1.735| 
 []


Overfull \hbox (1.14746pt too wide) in paragraph at lines 557--557
[]|\T1/cmss/m/n/9 0.555| 
 []


Overfull \hbox (1.14746pt too wide) in paragraph at lines 557--557
[]|\T1/cmss/m/n/9 4.392| 
 []


Overfull \hbox (9.42339pt too wide) in paragraph at lines 559--559
\T1/cmss/m/n/9 Infrastructure|  
 []


Overfull \hbox (1.14746pt too wide) in paragraph at lines 559--559
[]|\T1/cmss/m/n/9 0.550| 
 []


Overfull \hbox (1.14746pt too wide) in paragraph at lines 559--560
[]|\T1/cmss/m/n/9 2.522| 
 []


Overfull \hbox (1.14746pt too wide) in paragraph at lines 560--560
[]|\T1/cmss/m/n/9 1.407| 
 []


Overfull \hbox (1.14746pt too wide) in paragraph at lines 560--561
[]|\T1/cmss/m/n/9 4.559| 
 []


Overfull \hbox (1.14746pt too wide) in paragraph at lines 561--561
[]|\T1/cmss/m/n/9 0.903| 
 []


Overfull \hbox (1.14746pt too wide) in paragraph at lines 561--561
[]|\T1/cmss/m/n/9 1.290| 
 []


Overfull \hbox (1.14746pt too wide) in paragraph at lines 563--563
[]|\T1/cmss/m/n/9 1.086| 
 []


Overfull \hbox (1.14746pt too wide) in paragraph at lines 563--564
[]|\T1/cmss/m/n/9 1.477| 
 []


Overfull \hbox (1.14746pt too wide) in paragraph at lines 564--564
[]|\T1/cmss/m/n/9 0.818| 
 []


Overfull \hbox (1.14746pt too wide) in paragraph at lines 564--564
[]|\T1/cmss/m/n/9 0.776| 
 []


Overfull \hbox (4.80928pt too wide) in paragraph at lines 566--566
\T1/cmss/m/n/9 environment 
 []


Overfull \hbox (11.67003pt too wide) in paragraph at lines 566--566
\T1/cmss/m/n/9 characteristics|  
 []


Overfull \vbox (17.05025pt too high) detected at line 566
 []


Overfull \hbox (1.14746pt too wide) in paragraph at lines 566--566
[]|\T1/cmss/m/n/9 1.210| 
 []


Overfull \hbox (1.14746pt too wide) in paragraph at lines 566--567
[]|\T1/cmss/m/n/9 0.991| 
 []


Overfull \hbox (1.14746pt too wide) in paragraph at lines 567--567
[]|\T1/cmss/m/n/9 1.091| 
 []


Overfull \hbox (1.14746pt too wide) in paragraph at lines 567--568
[]|\T1/cmss/m/n/9 2.377| 
 []


Overfull \hbox (1.14746pt too wide) in paragraph at lines 568--568
[]|\T1/cmss/m/n/9 1.029| 
 []


Overfull \hbox (1.14746pt too wide) in paragraph at lines 568--569
[]|\T1/cmss/m/n/9 0.871| 
 []


Underfull \hbox (badness 1817) in paragraph at lines 569--569
[]|\T1/cmss/m/n/9 Some col-lege/Associate (ref: high
 []


Overfull \hbox (1.14746pt too wide) in paragraph at lines 569--569
[]|\T1/cmss/m/n/9 0.758| 
 []


Overfull \hbox (1.14746pt too wide) in paragraph at lines 569--570
[]|\T1/cmss/m/n/9 1.104| 
 []


Underfull \hbox (badness 10000) in paragraph at lines 570--570
[]|\T1/cmss/m/n/9 Bachelor or higher (ref: high
 []


Overfull \hbox (1.14746pt too wide) in paragraph at lines 570--570
[]|\T1/cmss/m/n/9 0.514| 
 []


Overfull \hbox (1.14746pt too wide) in paragraph at lines 570--571
[]|\T1/cmss/m/n/9 0.779| 
 []


Overfull \hbox (1.14746pt too wide) in paragraph at lines 571--571
[]|\T1/cmss/m/n/9 0.997| 
 []


Overfull \hbox (1.14746pt too wide) in paragraph at lines 571--572
[]|\T1/cmss/m/n/9 1.046| 
 []


Overfull \hbox (1.14746pt too wide) in paragraph at lines 572--572
[]|\T1/cmss/m/n/9 1.142| 
 []


Overfull \hbox (1.14746pt too wide) in paragraph at lines 572--573
[]|\T1/cmss/m/n/9 1.669| 
 []


Overfull \hbox (1.14746pt too wide) in paragraph at lines 573--573
[]|\T1/cmss/m/n/9 1.132| 
 []


Overfull \hbox (1.14746pt too wide) in paragraph at lines 573--574
[]|\T1/cmss/m/n/9 0.746| 
 []


Overfull \hbox (1.14746pt too wide) in paragraph at lines 574--574
[]|\T1/cmss/m/n/9 0.914| 
 []


Overfull \hbox (1.14746pt too wide) in paragraph at lines 574--575
[]|\T1/cmss/m/n/9 1.010| 
 []


Overfull \hbox (27.52136pt too wide) in paragraph at lines 536--590
 [][] 
 []




Underfull \hbox (badness 10000) has occurred while \output is active
$[]$
 []

[31
pdfTeX warning (ext4): destination with the same identifier (name{table.4}) has been already used, duplicate ignored
<argument> ...shipout:D \box_use:N \l_shipout_box 
                                                  \__shipout_drop_firstpage_...
l.598 \section{Conclusion}
                          ]

LaTeX Warning: Citation 'fatah_uddin_driving_2024' on page 32 undefined on input line 603.


LaTeX Warning: Citation 'yadav_are_2024' on page 32 undefined on input line 603.




Underfull \hbox (badness 10000) has occurred while \output is active
$[]$
 []

[32]


Underfull \hbox (badness 10000) has occurred while \output is active
$[]$
 []

[33]

LaTeX Warning: Citation 'jakobsson_how_2022' on page 34 undefined on input line 609.


LaTeX Warning: Citation 'khan_type_2017' on page 34 undefined on input line 609.


LaTeX Warning: Citation 'shahrier_econometric_2025' on page 34 undefined on input line 609.


LaTeX Warning: Citation 'lusk_if_2023' on page 34 undefined on input line 609.




Underfull \hbox (badness 10000) has occurred while \output is active
$[]$
 []

[34]
Underfull \hbox (badness 10000) in paragraph at lines 626--626
[]|\T1/cmss/bx/n/9 Perceived
 []


Underfull \hbox (badness 10000) in paragraph at lines 626--626
\T1/cmss/bx/n/9 BEV
 []


Underfull \hbox (badness 10000) in paragraph at lines 626--626
[]|\T1/cmss/bx/n/9 Perceived
 []


Underfull \hbox (badness 10000) in paragraph at lines 626--626
\T1/cmss/bx/n/9 ICEV
 []


Overfull \vbox (22.00006pt too high) detected at line 627
 []


Overfull \hbox (15.0pt too wide) in paragraph at lines 644--650
[]$[]$ 
 []


LaTeX Warning: Empty bibliography on input line 655.




Underfull \hbox (badness 10000) has occurred while \output is active
$[]$
 []

[35
pdfTeX warning (ext4): destination with the same identifier (name{table.5}) has been already used, duplicate ignored
<argument> ...shipout:D \box_use:N \l_shipout_box 
                                                  \__shipout_drop_firstpage_...
l.658 \end{document}
                    ] (./Manuscript.aux)
 ***********
LaTeX2e <2024-11-01> patch level 2
L3 programming layer <2025-01-18>
 ***********


LaTeX Warning: There were undefined references.


LaTeX Warning: Label(s) may have changed. Rerun to get cross-references right.


Package rerunfilecheck Warning: File `Manuscript.out' has changed.
(rerunfilecheck)                Rerun to get outlines right
(rerunfilecheck)                or use package `bookmark'.

Package rerunfilecheck Info: Checksums for `Manuscript.out':
(rerunfilecheck)             Before: <no file>
(rerunfilecheck)             After:  D41D8CD98F00B204E9800998ECF8427E;0.

Package biblatex Warning: Please (re)run Biber on the file:
(biblatex)                Manuscript
(biblatex)                and rerun LaTeX afterwards.

Package logreq Info: Writing requests to 'Manuscript.run.xml'.
\openout1 = `Manuscript.run.xml'.

 ) 
Here is how much of TeX's memory you used:
 23797 strings out of 473190
 399280 string characters out of 5715801
 1268845 words of memory out of 5000000
 46674 multiletter control sequences out of 15000+600000
 656391 words of font info for 148 fonts, out of 8000000 for 9000
 1141 hyphenation exceptions out of 8191
 90i,16n,93p,2187b,1408s stack positions out of 10000i,1000n,20000p,200000b,200000s
</usr/local/texlive/2025/texmf-dist/fonts/type1/public/stix/STIXGeneral-Bold.pfb></usr/local/texlive/2025/texmf-dist/fonts/type1/public/stix/STIXGeneral-BoldItalic.pfb></usr/local/texlive/2025/texmf-dist/fonts/type1/public/stix/STIXGeneral-Italic.pfb></usr/local/texlive/2025/texmf-dist/fonts/type1/public/stix/STIXGeneral-Regular.pfb></usr/local/texlive/2025/texmf-dist/fonts/type1/public/cm-super/sfss0800.pfb></usr/local/texlive/2025/texmf-dist/fonts/type1/public/cm-super/sfss0900.pfb></usr/local/texlive/2025/texmf-dist/fonts/type1/public/cm-super/sfsx0800.pfb></usr/local/texlive/2025/texmf-dist/fonts/type1/public/cm-super/sfsx0900.pfb></usr/local/texlive/2025/texmf-dist/fonts/type1/public/cm-super/sftt0900.pfb></usr/local/texlive/2025/texmf-dist/fonts/type1/public/stix/stix-mathex.pfb></usr/local/texlive/2025/texmf-dist/fonts/type1/public/stix/stix-mathit.pfb></usr/local/texlive/2025/texmf-dist/fonts/type1/public/stix/stix-mathrm.pfb>
Output written on Manuscript.pdf (35 pages, 362713 bytes).
PDF statistics:
 269 PDF objects out of 1000 (max. 8388607)
 204 compressed objects within 3 object streams
 66 named destinations out of 1000 (max. 500000)
 1 words of extra memory for PDF output out of 10000 (max. 10000000)

